{"level":"info","message":{"reqUrl":"/api/users/","timeStamp":"Tue Apr 29 2025 08:33:31 GMT+0530 (India Standard Time)"},"service":"request-logging"}
{"level":"info","message":{"reqUrl":"/api/users/","timeStamp":"Wed Apr 30 2025 13:16:35 GMT+0530 (India Standard Time)"},"service":"request-logging"}
{"level":"info","message":{"reqBody":{"email":"pktherock00@gmail.com","password":"Password@123"},"reqUrl":"/api/users/login","timeStamp":"Wed Apr 30 2025 13:22:02 GMT+0530 (India Standard Time)"},"service":"request-logging"}
{"level":"info","message":{"reqUrl":"/api/users/","timeStamp":"Wed Apr 30 2025 16:53:09 GMT+0530 (India Standard Time)"},"service":"request-logging"}
{"level":"info","message":{"reqUrl":"/api/books/","timeStamp":"Wed Apr 30 2025 16:53:21 GMT+0530 (India Standard Time)"},"service":"request-logging"}
{"level":"info","message":{"reqBody":{"author":"prashant","description":"An Easy & Proven Way to Build Good Habits & Break","title":"atomic"},"reqUrl":"/api/books/","timeStamp":"Wed Apr 30 2025 16:56:33 GMT+0530 (India Standard Time)"},"service":"request-logging"}
{"level":"info","message":{"reqBody":{"author":"68103a3631bc6b2bb223ed40","description":"An Easy & Proven Way to Build Good Habits & Break","title":"atomic"},"reqUrl":"/api/books/","timeStamp":"Wed Apr 30 2025 16:59:19 GMT+0530 (India Standard Time)"},"service":"request-logging"}
{"level":"info","message":{"reqBody":{"author":"68103a3631bc6b2bb223ed40","description":"An Easy & Proven Way to Build Good Habits & Break","title":"atomic"},"reqUrl":"/api/books/","timeStamp":"Wed Apr 30 2025 20:02:44 GMT+0530 (India Standard Time)"},"service":"request-logging"}
{"level":"info","message":{"reqBody":{"author":"68103a3631bc6b2bb223ed40","description":"An Easy & Proven Way to Build Good Habits & Break","title":"atomic"},"reqUrl":"/api/books/","timeStamp":"Fri May 02 2025 12:32:25 GMT+0530 (India Standard Time)"},"service":"request-logging"}
{"level":"info","message":{"reqUrl":"/api/books/","timeStamp":"Fri May 02 2025 12:36:58 GMT+0530 (India Standard Time)"},"service":"request-logging"}
{"level":"info","message":{"reqBody":{"author":"68103a3631bc6b2bb223ed40","coverImageUrl":"https://m.media-amazon.com/images/I/71F4+7rk2eL._SL1500_.jpg","description":"An Easy & Proven Way to Build Good Habits & Break","library":"","title":"atomic"},"reqUrl":"/api/books/","timeStamp":"Fri May 02 2025 19:40:40 GMT+0530 (India Standard Time)"},"service":"request-logging"}
{"level":"info","message":{"reqBody":{"author":"68103a3631bc6b2bb223ed40","description":"An Easy & Proven Way to Build Good Habits & Break","library":"","title":"atomic"},"reqUrl":"/api/books/","timeStamp":"Fri May 02 2025 19:43:38 GMT+0530 (India Standard Time)"},"service":"request-logging"}
{"level":"info","message":{"reqUrl":"/api/books/","timeStamp":"Fri May 02 2025 19:52:05 GMT+0530 (India Standard Time)"},"service":"request-logging"}
{"level":"info","message":{"reqUrl":"/api/books","timeStamp":"Fri May 02 2025 19:52:27 GMT+0530 (India Standard Time)"},"service":"request-logging"}
{"level":"info","message":{"reqUrl":"/api/books","timeStamp":"Fri May 02 2025 19:58:56 GMT+0530 (India Standard Time)"},"service":"request-logging"}
{"level":"info","message":{"reqUrl":"/api/books","timeStamp":"Fri May 02 2025 20:08:45 GMT+0530 (India Standard Time)"},"service":"request-logging"}
{"level":"info","message":{"reqBody":{"author":"68103a3631bc6b2bb223ed40","description":"An Easy & Proven Way to Build Good Habits & Break","library":"good","title":"atomic"},"reqUrl":"/api/books","timeStamp":"Fri May 02 2025 20:11:03 GMT+0530 (India Standard Time)"},"service":"request-logging"}
{"level":"info","message":{"reqUrl":"/api/libraries%20","timeStamp":"Fri May 02 2025 20:29:35 GMT+0530 (India Standard Time)"},"service":"request-logging"}
{"level":"info","message":{"reqUrl":"/api/libraries/","timeStamp":"Fri May 02 2025 20:30:01 GMT+0530 (India Standard Time)"},"service":"request-logging"}
{"level":"info","message":{"reqBody":{"author":"68103a3631bc6b2bb223ed40","description":"An Easy & Proven Way to Build Good Habits & Break","library":"good","title":"atomic"},"reqUrl":"/api/books/","timeStamp":"Fri May 02 2025 20:30:22 GMT+0530 (India Standard Time)"},"service":"request-logging"}
{"level":"info","message":{"reqBody":{"admin":"Prashant","contact":"Saharsa Bihar","location":"Bihar","name":"Morning Library"},"reqUrl":"/api/libraries/","timeStamp":"Fri May 02 2025 20:36:49 GMT+0530 (India Standard Time)"},"service":"request-logging"}
{"level":"info","message":{"reqBody":{"admin":"68103a3631bc6b2bb223ed40","contact":"Saharsa Bihar","location":"Bihar","name":"Morning Library"},"reqUrl":"/api/libraries/","timeStamp":"Fri May 02 2025 20:39:48 GMT+0530 (India Standard Time)"},"service":"request-logging"}
{"level":"info","message":{"reqUrl":"/api/libraries/","timeStamp":"Fri May 02 2025 20:42:05 GMT+0530 (India Standard Time)"},"service":"request-logging"}
{"level":"info","message":{"reqUrl":"/api/libraries/6814e03c23ae3dfce3e7b8e6","timeStamp":"Fri May 02 2025 20:42:48 GMT+0530 (India Standard Time)"},"service":"request-logging"}
{"level":"info","message":{"reqUrl":"/api/libraries/6814e03c23ae3dfce3e7b8e6","timeStamp":"Fri May 02 2025 20:47:59 GMT+0530 (India Standard Time)"},"service":"request-logging"}
{"level":"info","message":{"reqUrl":"/api/libraries/6814e03c23ae3dfce3e7b8e6","timeStamp":"Fri May 02 2025 20:49:41 GMT+0530 (India Standard Time)"},"service":"request-logging"}
{"level":"info","message":{"reqBody":{"author":"68103a3631bc6b2bb223ed40","description":"An Easy & Proven Way to Build Good Habits & Break","library":"6814e03c23ae3dfce3e7b8e6","title":"atomic"},"reqUrl":"/api/books/","timeStamp":"Sat May 03 2025 11:45:00 GMT+0530 (India Standard Time)"},"service":"request-logging"}
{"level":"info","message":{"reqBody":{"author":"68103a3631bc6b2bb223ed40","description":"An Easy & Proven Way to Build Good Habits & Break","library":"6814e03c23ae3dfce3e7b8e6","title":"atomic"},"reqUrl":"/api/books/","timeStamp":"Sat May 03 2025 12:15:32 GMT+0530 (India Standard Time)"},"service":"request-logging"}
{"level":"info","message":{"reqBody":{"author":"68103a3631bc6b2bb223ed40","description":"An Easy & Proven Way to Build Good Habits & Break","library":"6814e03c23ae3dfce3e7b8e6","title":"atomic"},"reqUrl":"/api/books","timeStamp":"Sat May 03 2025 12:16:46 GMT+0530 (India Standard Time)"},"service":"request-logging"}
{"level":"info","message":{"reqBody":{"author":"68103a3631bc6b2bb223ed40","description":"An Easy & Proven Way to Build Good Habits & Break","library":"6814e03c23ae3dfce3e7b8e6","title":"atomic"},"reqUrl":"/api/books/","timeStamp":"Sat May 03 2025 12:17:01 GMT+0530 (India Standard Time)"},"service":"request-logging"}
{"level":"info","message":{"reqBody":{"email":"pktherock00@gmail.com","password":"Password@123"},"reqUrl":"/api/users/login","timeStamp":"Sat May 03 2025 12:17:28 GMT+0530 (India Standard Time)"},"service":"request-logging"}
{"level":"info","message":{"reqBody":{"author":"68103a3631bc6b2bb223ed40","description":"An Easy & Proven Way to Build Good Habits & Break","library":"6814e03c23ae3dfce3e7b8e6","title":"atomic"},"reqUrl":"/api/books/","timeStamp":"Sat May 03 2025 12:17:47 GMT+0530 (India Standard Time)"},"service":"request-logging"}
